Importer Log Report
Project : LARS_409_LED.Library.PrjPcb

Section : Analyze Document - C:\Users\Александр\Desktop\Работа\GitHub\1_SCH_LIB_DB\EAGLE_libs\LARS_409_LED.lbr
    Analyzing data of C:\Users\Александр\Desktop\Работа\GitHub\1_SCH_LIB_DB\EAGLE_libs\LARS_409_LED.lbr
    Load settings
    Load layers 74
    Load library
    Load Library library
    Load Library ""
    Load Packages 6
    ERROR: Unhandled typepackages3d
    Load Symbols 2
    Load DeviceSets 2
    ERROR: Unhandled typepackage3dinstances
    ERROR: Unhandled typepackage3dinstances
    ERROR: Unhandled typepackage3dinstances
    ERROR: Unhandled typepackage3dinstances
    ERROR: Unhandled typepackage3dinstances
    ERROR: Unhandled typepackage3dinstances
EndSection
