Importer Log Report
Project : LARS_409_DC-DC.Library.PrjPcb

Section : Analyze Document - C:\Users\Александр\Desktop\Работа\GitHub\1_SCH_LIB_DB\EAGLE_libs\LARS_409_DC-DC.lbr
    Analyzing data of C:\Users\Александр\Desktop\Работа\GitHub\1_SCH_LIB_DB\EAGLE_libs\LARS_409_DC-DC.lbr
    Load settings
    Load layers 179
    Load library
    Load Library library
    Load Library ""
    Load Packages 17
    ERROR: Unhandled typepackages3d
    Load Symbols 20
    Load DeviceSets 22
    ERROR: Unhandled typepackage3dinstances
    ERROR: Unhandled typepackage3dinstances
    ERROR: Unhandled typepackage3dinstances
    ERROR: Unhandled typepackage3dinstances
    ERROR: Unhandled typepackage3dinstances
    ERROR: Unhandled typepackage3dinstances
    ERROR: Unhandled typepackage3dinstances
    ERROR: Unhandled typepackage3dinstances
    ERROR: Unhandled typepackage3dinstances
    ERROR: Unhandled typepackage3dinstances
    ERROR: Unhandled typepackage3dinstances
    ERROR: Unhandled typepackage3dinstances
    ERROR: Unhandled typepackage3dinstances
    ERROR: Unhandled typepackage3dinstances
    ERROR: Unhandled typepackage3dinstances
    ERROR: Unhandled typepackage3dinstances
    ERROR: Unhandled typepackage3dinstances
    ERROR: Unhandled typepackage3dinstances
    ERROR: Unhandled typepackage3dinstances
    ERROR: Unhandled typepackage3dinstances
    ERROR: Unhandled typepackage3dinstances
    ERROR: Unhandled typepackage3dinstances
    ERROR: Unhandled typepackage3dinstances
    ERROR: Unhandled typepackage3dinstances
    ERROR: Unhandled typepackage3dinstances
EndSection
