Importer Log Report
Project : LARS_409_MK.Library.PrjPcb

Section : Analyze Document - C:\Users\Александр\Desktop\Работа\GitHub\1_SCH_LIB_DB\EAGLE_libs\LARS_409_MK.lbr
    Analyzing data of C:\Users\Александр\Desktop\Работа\GitHub\1_SCH_LIB_DB\EAGLE_libs\LARS_409_MK.lbr
    Load settings
    Load layers 62
    Load library
    Load Library library
    Load Library ""
    Load Packages 12
    ERROR: Unhandled typepackages3d
    Load Symbols 13
    Load DeviceSets 13
    ERROR: Unhandled typepackage3dinstances
    ERROR: Unhandled typepackage3dinstances
    ERROR: Unhandled typepackage3dinstances
    ERROR: Unhandled typepackage3dinstances
    ERROR: Unhandled typepackage3dinstances
    ERROR: Unhandled typepackage3dinstances
    ERROR: Unhandled typepackage3dinstances
    ERROR: Unhandled typepackage3dinstances
    ERROR: Unhandled typepackage3dinstances
    ERROR: Unhandled typepackage3dinstances
    ERROR: Unhandled typepackage3dinstances
EndSection
