Importer Log Report
Project : LARS_409_R,C,L.Library.PrjPcb

Section : Analyze Document - C:\Users\Александр\Desktop\Работа\GitHub\1_SCH_LIB_DB\EAGLE_libs\LARS_409_R,C,L.lbr
    Analyzing data of C:\Users\Александр\Desktop\Работа\GitHub\1_SCH_LIB_DB\EAGLE_libs\LARS_409_R,C,L.lbr
    Load settings
    Load layers 74
    Load library
    Load Library library
    Load Library ""
    Load Packages 12
    ERROR: Unhandled typepackages3d
    Load Symbols 4
    Load DeviceSets 4
    ERROR: Unhandled typepackage3dinstances
    ERROR: Unhandled typepackage3dinstances
    ERROR: Unhandled typepackage3dinstances
    ERROR: Unhandled typepackage3dinstances
    ERROR: Unhandled typepackage3dinstances
    ERROR: Unhandled typepackage3dinstances
    ERROR: Unhandled typepackage3dinstances
    ERROR: Unhandled typepackage3dinstances
    ERROR: Unhandled typepackage3dinstances
    ERROR: Unhandled typepackage3dinstances
    ERROR: Unhandled typepackage3dinstances
    ERROR: Unhandled typepackage3dinstances
    ERROR: Unhandled typepackage3dinstances
    ERROR: Unhandled typepackage3dinstances
    ERROR: Unhandled typepackage3dinstances
    ERROR: Unhandled typepackage3dinstances
    ERROR: Unhandled typepackage3dinstances
    ERROR: Unhandled typepackage3dinstances
    ERROR: Unhandled typepackage3dinstances
    ERROR: Unhandled typepackage3dinstances
EndSection
